0 info it worked if it ends with ok
1 verbose cli [ 'C:\\Program Files\\nodejs\\node.exe',
1 verbose cli   'C:\\Program Files\\nodejs\\node_modules\\npm\\bin\\npm-cli.js',
1 verbose cli   'start' ]
2 info using npm@3.10.10
3 info using node@v6.11.2
4 verbose run-script [ 'prestart', 'start', 'poststart' ]
5 info lifecycle star-friendship@0.0.0~prestart: star-friendship@0.0.0
6 silly lifecycle star-friendship@0.0.0~prestart: no script for prestart, continuing
7 info lifecycle star-friendship@0.0.0~start: star-friendship@0.0.0
8 verbose lifecycle star-friendship@0.0.0~start: unsafe-perm in lifecycle true
9 verbose lifecycle star-friendship@0.0.0~start: PATH: C:\Users\drventisette\AppData\Roaming\nvm\v6.11.2\node_modules\npm\bin\node-gyp-bin;C:\Users\drventisette\star-friendship\node_modules\.bin;C:\Users\drventisette\bin;C:\Program Files\Git\mingw64\bin;C:\Program Files\Git\usr\local\bin;C:\Program Files\Git\usr\bin;C:\Program Files\Git\usr\bin;C:\Program Files\Git\mingw64\bin;C:\Program Files\Git\usr\bin;C:\Users\drventisette\bin;C:\Program Files\gs\gs9.16\bin;C:\Program Files\gs\gs9.16\lib;C:\Program Files (x86)\NVIDIA Corporation\PhysX\Common;F:\EasyPHP-DevServer-14.1VC9\binaries\php\php_runningversion;C:\Program Files (x86)\Intel\iCLS Client;C:\Program Files\Intel\iCLS Client;C:\WINDOWS\system32;C:\WINDOWS;C:\WINDOWS\System32\Wbem;C:\WINDOWS\System32\WindowsPowerShell\v1.0;C:\Program Files (x86)\Windows Live\Shared;C:\Program Files\Intel\Intel(R) Management Engine Components\DAL;C:\Program Files\Intel\Intel(R) Management Engine Components\IPT;C:\Program Files (x86)\Intel\Intel(R) Management Engine Components\DAL;C:\Program Files (x86)\Intel\Intel(R) Management Engine Components\IPT;C:\Program Files (x86)\Heroku\bin;C:\Program Files (x86)\git\cmd;D:\Xampp\php;C:\ProgramData\ComposerSetup\bin;D:\Bitnami\wappstack-5.4.34-0\postgresql\bin;C:\Program Files\Java\jdk1.8.0_45\bin;C:\apache-ant-1.9.4\bin;C:\Users\drventisette\AppData\Local\Android\sdk\tools;C:\Users\drventisette\AppData\Local\Android\sdk\platform-tools;C:\Program Files (x86)\HashiCorp\Vagrant\bin;C:\Program Files (x86)\Brackets\command;C:\Program Files (x86)\PuTTY; C;C:\Program Files\Git\Users\drventisette\AppData\Local\Programs\Python\Python35;C:\Users\drventisette\AppData\Local\Programs\Python\Python35\Scripts;C:\Program Files (x86)\Skype\Phone;C:\Users\drventisette\AppData\Roaming\nvm;C:\Program Files\nodejs;C:\Program Files\Git\cmd;C:\Ruby22-x64\bin;C:\Program Files (x86)\NVIDIA Corporation\PhysX\Common;C:\ProgramData\Oracle\Java\javapath;F:\EasyPHP-DevServer-14.1VC9\binaries\php\php_runningversion;C:\Program Files (x86)\Intel\iCLS Client;C:\Program Files\Intel\iCLS Client;C:\WINDOWS\system32;C:\WINDOWS;C:\WINDOWS\System32\Wbem;C:\WINDOWS\System32\WindowsPowerShell\v1.0;C:\Program Files (x86)\Windows Live\Shared;C:\Program Files\Intel\Intel(R) Management Engine Components\DAL;C:\Program Files\Intel\Intel(R) Management Engine Components\IPT;C:\Program Files (x86)\Intel\Intel(R) Management Engine Components\DAL;C:\Program Files (x86)\Intel\Intel(R) Management Engine Components\IPT;C:\Program Files (x86)\Heroku\bin;C:\Program Files (x86)\git\cmd;D:\Xampp\php;C:\ProgramData\ComposerSetup\bin;D:\Bitnami\wappstack-5.4.34-0\postgresql\bin;C:\Program Files\nodejs;C:\Program Files\Java\jdk1.8.0_45\bin;C:\apache-ant-1.9.4\bin;C:\Users\drventisette\AppData\Local\Android\sdk\tools;C:\Users\drventisette\AppData\Local\Android\sdk\platform-tools;C;C:\Program Files\Git\usr\bin\vendor_perl;C:\Program Files\Git\usr\bin\core_perl
10 verbose lifecycle star-friendship@0.0.0~start: CWD: C:\Users\drventisette\star-friendship
11 silly lifecycle star-friendship@0.0.0~start: Args: [ '/d /s /c', 'node ./bin/www' ]
12 silly lifecycle star-friendship@0.0.0~start: Returned: code: 1  signal: null
13 info lifecycle star-friendship@0.0.0~start: Failed to exec start script
14 verbose stack Error: star-friendship@0.0.0 start: `node ./bin/www`
14 verbose stack Exit status 1
14 verbose stack     at EventEmitter.<anonymous> (C:\Users\drventisette\AppData\Roaming\nvm\v6.11.2\node_modules\npm\lib\utils\lifecycle.js:255:16)
14 verbose stack     at emitTwo (events.js:106:13)
14 verbose stack     at EventEmitter.emit (events.js:191:7)
14 verbose stack     at ChildProcess.<anonymous> (C:\Users\drventisette\AppData\Roaming\nvm\v6.11.2\node_modules\npm\lib\utils\spawn.js:40:14)
14 verbose stack     at emitTwo (events.js:106:13)
14 verbose stack     at ChildProcess.emit (events.js:191:7)
14 verbose stack     at maybeClose (internal/child_process.js:891:16)
14 verbose stack     at Process.ChildProcess._handle.onexit (internal/child_process.js:226:5)
15 verbose pkgid star-friendship@0.0.0
16 verbose cwd C:\Users\drventisette\star-friendship
17 error Windows_NT 6.3.9600
18 error argv "C:\\Program Files\\nodejs\\node.exe" "C:\\Program Files\\nodejs\\node_modules\\npm\\bin\\npm-cli.js" "start"
19 error node v6.11.2
20 error npm  v3.10.10
21 error code ELIFECYCLE
22 error star-friendship@0.0.0 start: `node ./bin/www`
22 error Exit status 1
23 error Failed at the star-friendship@0.0.0 start script 'node ./bin/www'.
23 error Make sure you have the latest version of node.js and npm installed.
23 error If you do, this is most likely a problem with the star-friendship package,
23 error not with npm itself.
23 error Tell the author that this fails on your system:
23 error     node ./bin/www
23 error You can get information on how to open an issue for this project with:
23 error     npm bugs star-friendship
23 error Or if that isn't available, you can get their info via:
23 error     npm owner ls star-friendship
23 error There is likely additional logging output above.
24 verbose exit [ 1, true ]
